Starting direct sync at 2026-06-03T11:04:28.581Z...
STDOUT:
Prisma schema loaded from prisma/schema.prisma
Datasource "db": PostgreSQL database "neondb", schema "public" at "ep-frosty-paper-ap4j7g93.c-7.us-east-1.aws.neon.tech"

⚠️  There might be data loss when applying the changes:

  • A unique constraint covering the columns `[goodDollarAddress]` on the table `User` will be added. If there are existing duplicate values, this will fail.



🚀  Your database is now in sync with your Prisma schema. Done in 10.82s

Running generate... (Use --skip-generate to skip the generators)
[2K[1A[2K[GRunning generate... - Prisma Client
[2K[1A[2K[G✔ Generated Prisma Client (v6.19.3) to ./node_modules/@prisma/client in 120ms

Prisma schema loaded from prisma/schema.prisma

✔ Generated Prisma Client (v6.19.3) to ./node_modules/@prisma/client in 62ms

Start by importing your Prisma Client (See: https://pris.ly/d/importing-client)

Tip: Interested in query caching in just a few lines of code? Try Accelerate today! https://pris.ly/tip-3-accelerate


STDERR:
Environment variables loaded from .env
Environment variables loaded from .env


--- SUCCESS ---
Finished at 2026-06-03T11:04:36.445Z
STDOUT:
Prisma schema loaded from prisma/schema.prisma
Datasource "db": PostgreSQL database "neondb", schema "public" at "ep-frosty-paper-ap4j7g93.c-7.us-east-1.aws.neon.tech"

The database is already in sync with the Prisma schema.

Running generate... (Use --skip-generate to skip the generators)
[2K[1A[2K[GRunning generate... - Prisma Client
[2K[1A[2K[G✔ Generated Prisma Client (v6.19.3) to ./node_modules/@prisma/client in 67ms

Prisma schema loaded from prisma/schema.prisma

✔ Generated Prisma Client (v6.19.3) to ./node_modules/@prisma/client in 55ms

Start by importing your Prisma Client (See: https://pris.ly/d/importing-client)

Tip: Interested in query caching in just a few lines of code? Try Accelerate today! https://pris.ly/tip-3-accelerate


STDERR:
Environment variables loaded from .env
Environment variables loaded from .env


--- SUCCESS ---
Finished at 2026-06-03T11:04:43.600Z
